This is pdfTeX, Version 3.1415926-1.40.10 (TeX Live 2009/Debian) (format=pdflatex 2012.4.28)  15 JUN 2013 21:34
entering extended mode
 %&-line parsing enabled.
**README.tex
(./README.tex
LaTeX2e <2009/09/24>
Babel <v3.8l> and hyphenation patterns for english, usenglishmax, dumylang, noh
yphenation, loaded.
(/usr/share/texmf-texlive/tex/latex/base/article.cls
Document Class: article 2007/10/19 v1.4h Standard LaTeX document class
(/usr/share/texmf-texlive/tex/latex/base/size12.clo
File: size12.clo 2007/10/19 v1.4h Standard LaTeX file (size option)
)
\c@part=\count79
\c@section=\count80
\c@subsection=\count81
\c@subsubsection=\count82
\c@paragraph=\count83
\c@subparagraph=\count84
\c@figure=\count85
\c@table=\count86
\abovecaptionskip=\skip41
\belowcaptionskip=\skip42
\bibindent=\dimen102
)
(/usr/share/texmf-texlive/tex/latex/ltxmisc/url.sty
\Urlmuskip=\muskip10
Package: url 2006/04/12  ver 3.3  Verb mode for urls, etc.
)
(/usr/share/texmf-texlive/tex/latex/setspace/setspace.sty
Package: setspace 2000/12/01 6.7 Contributed and Supported LaTeX2e package

Package: `setspace' 6.7 <2000/12/01>
) (/usr/share/texmf-texlive/tex/latex/amsmath/amsmath.sty
Package: amsmath 2000/07/18 v2.13 AMS math features
\@mathmargin=\skip43

For additional information on amsmath, use the `?' option.
(/usr/share/texmf-texlive/tex/latex/amsmath/amstext.sty
Package: amstext 2000/06/29 v2.01

(/usr/share/texmf-texlive/tex/latex/amsmath/amsgen.sty
File: amsgen.sty 1999/11/30 v2.0
\@emptytoks=\toks14
\ex@=\dimen103
))
(/usr/share/texmf-texlive/tex/latex/amsmath/amsbsy.sty
Package: amsbsy 1999/11/29 v1.2d
\pmbraise@=\dimen104
)
(/usr/share/texmf-texlive/tex/latex/amsmath/amsopn.sty
Package: amsopn 1999/12/14 v2.01 operator names
)
\inf@bad=\count87
LaTeX Info: Redefining \frac on input line 211.
\uproot@=\count88
\leftroot@=\count89
LaTeX Info: Redefining \overline on input line 307.
\classnum@=\count90
\DOTSCASE@=\count91
LaTeX Info: Redefining \ldots on input line 379.
LaTeX Info: Redefining \dots on input line 382.
LaTeX Info: Redefining \cdots on input line 467.
\Mathstrutbox@=\box26
\strutbox@=\box27
\big@size=\dimen105
LaTeX Font Info:    Redeclaring font encoding OML on input line 567.
LaTeX Font Info:    Redeclaring font encoding OMS on input line 568.
\macc@depth=\count92
\c@MaxMatrixCols=\count93
\dotsspace@=\muskip11
\c@parentequation=\count94
\dspbrk@lvl=\count95
\tag@help=\toks15
\row@=\count96
\column@=\count97
\maxfields@=\count98
\andhelp@=\toks16
\eqnshift@=\dimen106
\alignsep@=\dimen107
\tagshift@=\dimen108
\tagwidth@=\dimen109
\totwidth@=\dimen110
\lineht@=\dimen111
\@envbody=\toks17
\multlinegap=\skip44
\multlinetaggap=\skip45
\mathdisplay@stack=\toks18
LaTeX Info: Redefining \[ on input line 2666.
LaTeX Info: Redefining \] on input line 2667.
)
(/usr/share/texmf-texlive/tex/latex/graphics/color.sty
Package: color 2005/11/14 v1.0j Standard LaTeX Color (DPC)

(/etc/texmf/tex/latex/config/color.cfg
File: color.cfg 2007/01/18 v1.5 color configuration of teTeX/TeXLive
)
Package color Info: Driver file: pdftex.def on input line 130.

(/usr/share/texmf-texlive/tex/latex/pdftex-def/pdftex.def
File: pdftex.def 2010/03/12 v0.04p Graphics/color for pdfTeX
\Gread@gobject=\count99
)) (./README.aux)
\openout1 = `README.aux'.

LaTeX Font Info:    Checking defaults for OML/cmm/m/it on input line 12.
LaTeX Font Info:    ... okay on input line 12.
LaTeX Font Info:    Checking defaults for T1/cmr/m/n on input line 12.
LaTeX Font Info:    ... okay on input line 12.
LaTeX Font Info:    Checking defaults for OT1/cmr/m/n on input line 12.
LaTeX Font Info:    ... okay on input line 12.
LaTeX Font Info:    Checking defaults for OMS/cmsy/m/n on input line 12.
LaTeX Font Info:    ... okay on input line 12.
LaTeX Font Info:    Checking defaults for OMX/cmex/m/n on input line 12.
LaTeX Font Info:    ... okay on input line 12.
LaTeX Font Info:    Checking defaults for U/cmr/m/n on input line 12.
LaTeX Font Info:    ... okay on input line 12.

(/usr/share/texmf-texlive/tex/context/base/supp-pdf.mkii
[Loading MPS to PDF converter (version 2006.09.02).]
\scratchcounter=\count100
\scratchdimen=\dimen112
\scratchbox=\box28
\nofMPsegments=\count101
\nofMParguments=\count102
\everyMPshowfont=\toks19
\MPscratchCnt=\count103
\MPscratchDim=\dimen113
\MPnumerator=\count104
\everyMPtoPDFconversion=\toks20
) (./README.toc)
\tf@toc=\write3
\openout3 = `README.toc'.

 [1

{/var/lib/texmf/fonts/map/pdftex/updmap/pdftex.map}]
LaTeX Font Info:    Try loading font information for OMS+cmr on input line 26.

(/usr/share/texmf-texlive/tex/latex/base/omscmr.fd
File: omscmr.fd 1999/05/25 v2.5h Standard LaTeX font definitions
)
LaTeX Font Info:    Font shape `OMS/cmr/m/n' in size <12> not available
(Font)              Font shape `OMS/cmsy/m/n' tried instead on input line 26.
 [2] [3] [4]
Overfull \hbox (36.07521pt too wide) in paragraph at lines 125--125
[]\OT1/cmtt/m/n/12 [eb,gam,epar,eperp,eta,alpha,zetau,delt] = dssWLCcalcparams(
del,Nseg)[] 
 []

[5]
Overfull \hbox (97.82524pt too wide) in paragraph at lines 151--151
[]\OT1/cmtt/m/n/12 [eb,gam,epar,eperp,eta,alpha,zetau,delt] = dssWLCcalcparams(
del,Nseg,`alpha',a)[] 
 []


Overfull \hbox (227.5003pt too wide) in paragraph at lines 157--157
[]\OT1/cmtt/m/n/12 [eb,gam,epar,eperp,eta,alpha,zetau,delt] = dssWLCcalcparams(
del,Nseg,`intepfile',`dssWLCparams.txt')[] 
 []

[6] [7]
Overfull \hbox (2.35567pt too wide) in paragraph at lines 216--217
[]\OT1/cmr/m/n/12 value: 1 re-quired in-te-ger (BD-STEPS), 1 op-tional float (B
D-PRINT-
 []

[8]
Overfull \hbox (38.30537pt too wide) in paragraph at lines 219--220
[]\OT1/cmr/m/n/12 dafaults: BD-STEPS=1000, BD-PRINT-EV-ERY=1, BD-PRINT-LOG=fals
e 
 []

[9] [10] [11] [12] [13] [14] [15] [16]
Overfull \hbox (18.32333pt too wide) in paragraph at lines 510--511
\OT1/cmr/m/n/12 EC will be ex-tracted from the in-put snap-shot file (set with 
\OT1/cmr/m/it/12 RESTART\OT1/cmr/m/n/12 )
 []

[17]
Overfull \hbox (1.7019pt too wide) in paragraph at lines 551--552
\OT1/cmr/m/n/12 Kutta are im-ple-mented; only 4-th or-der has been ex-ten-sivel
y tested 
 []

[18]
Overfull \hbox (24.69434pt too wide) in paragraph at lines 576--577
[]\OT1/cmr/m/n/12 1 op-tional in-te-ger (EQUI-L-SAM-PLE-TYPE), 1 op-tional floa
t (STARTE-
 []

[19] [20]
No file README.bbl.
[21] (./README.aux) ) 
Here is how much of TeX's memory you used:
 1499 strings out of 495061
 17923 string characters out of 1182621
 72758 words of memory out of 3000000
 4700 multiletter control sequences out of 15000+50000
 10449 words of font info for 38 fonts, out of 3000000 for 9000
 28 hyphenation exceptions out of 8191
 27i,8n,20p,686b,241s stack positions out of 5000i,500n,10000p,200000b,50000s
</usr/share/texmf-texlive/fonts/type1/public/amsfonts/cm/c
mbx12.pfb></usr/share/texmf-texlive/fonts/type1/public/amsfonts/cm/cmmi12.pfb><
/usr/share/texmf-texlive/fonts/type1/public/amsfonts/cm/cmmi8.pfb></usr/share/t
exmf-texlive/fonts/type1/public/amsfonts/cm/cmr12.pfb></usr/share/texmf-texlive
/fonts/type1/public/amsfonts/cm/cmr17.pfb></usr/share/texmf-texlive/fonts/type1
/public/amsfonts/cm/cmr8.pfb></usr/share/texmf-texlive/fonts/type1/public/amsfo
nts/cm/cmsy10.pfb></usr/share/texmf-texlive/fonts/type1/public/amsfonts/cm/cmsy
8.pfb></usr/share/texmf-texlive/fonts/type1/public/amsfonts/cm/cmti12.pfb></usr
/share/texmf-texlive/fonts/type1/public/amsfonts/cm/cmtt12.pfb>
Output written on README.pdf (21 pages, 164869 bytes).
PDF statistics:
 110 PDF objects out of 1000 (max. 8388607)
 0 named destinations out of 1000 (max. 500000)
 1 words of extra memory for PDF output out of 10000 (max. 10000000)

